make --dry-run --keep-going --print-directory
make: Entering directory '/mnt/nfs/homes/lgiband/cursus/circle_3/minishell'
gcc -Wall -Werror -Wextra -g -Iinclude -c src/commands/free_command.c -o obj/commands/free_command.o
 
gcc -Wall -Werror -Wextra -g -Iinclude -c src/commands/free_commands.c -o obj/commands/free_commands.o
gcc -Wall -Werror -Wextra -g -Iinclude -c src/commands/get_command/get_bzero_command.c -o obj/commands/get_command/get_bzero_command.o
gcc -Wall -Werror -Wextra -g -Iinclude -c src/commands/get_command/get_command.c -o obj/commands/get_command/get_command.o
gcc -Wall -Werror -Wextra -g -Iinclude -c src/commands/get_command/set_arguments.c -o obj/commands/get_command/set_arguments.o
gcc -Wall -Werror -Wextra -g -Iinclude -c src/commands/get_command/set_redirections.c -o obj/commands/get_command/set_redirections.o
gcc -Wall -Werror -Wextra -g -Iinclude -c src/commands/get_command/utils/count_arguments.c -o obj/commands/get_command/utils/count_arguments.o
gcc -Wall -Werror -Wextra -g -Iinclude -c src/commands/get_command/utils/count_redirections.c -o obj/commands/get_command/utils/count_redirections.o
gcc -Wall -Werror -Wextra -g -Iinclude -c src/commands/get_command/utils/get_argument_after.c -o obj/commands/get_command/utils/get_argument_after.o
gcc -Wall -Werror -Wextra -g -Iinclude -c src/commands/get_command/utils/get_argument.c -o obj/commands/get_command/utils/get_argument.o
gcc -Wall -Werror -Wextra -g -Iinclude -c src/commands/get_command/utils/is_argument_equal_to.c -o obj/commands/get_command/utils/is_argument_equal_to.o
gcc -Wall -Werror -Wextra -g -Iinclude -c src/commands/get_command/utils/is_argument_in_input.c -o obj/commands/get_command/utils/is_argument_in_input.o
gcc -Wall -Werror -Wextra -g -Iinclude -c src/commands/get_command/utils/is_argument_redirection.c -o obj/commands/get_command/utils/is_argument_redirection.o
gcc -Wall -Werror -Wextra -g -Iinclude -c src/commands/get_command/utils/skip_argument.c -o obj/commands/get_command/utils/skip_argument.o
gcc -Wall -Werror -Wextra -g -Iinclude -c src/commands/get_command/utils/skip_redirection.c -o obj/commands/get_command/utils/skip_redirection.o
gcc -Wall -Werror -Wextra -g -Iinclude -c src/commands/get_command/utils/skip_redirections.c -o obj/commands/get_command/utils/skip_redirections.o
gcc -Wall -Werror -Wextra -g -Iinclude -c src/commands/get_command/utils/skip_to.c -o obj/commands/get_command/utils/skip_to.o
gcc -Wall -Werror -Wextra -g -Iinclude -c src/commands/get_command/utils/skip_to_next_argument.c -o obj/commands/get_command/utils/skip_to_next_argument.o
gcc -Wall -Werror -Wextra -g -Iinclude -c src/commands/get_command/utils/skip_whitespaces.c -o obj/commands/get_command/utils/skip_whitespaces.o
gcc -Wall -Werror -Wextra -g -Iinclude -c src/commands/get_commands.c -o obj/commands/get_commands.o
gcc -Wall -Werror -Wextra -g -Iinclude -c src/commands/run_commands.c -o obj/commands/run_commands.o
 
gcc -Wall -Werror -Wextra -g -Iinclude -c src/main.c -o obj/main.o
gcc -Wall -Werror -Wextra -g -Iinclude -c src/shell/free_shell.c -o obj/shell/free_shell.o
gcc -Wall -Werror -Wextra -g -Iinclude -c src/shell/init_shell.c -o obj/shell/init_shell.o
gcc -Wall -Werror -Wextra -g -Iinclude -c src/shell/run_shell.c -o obj/shell/run_shell.o
gcc -Wall -Werror -Wextra -g -Iinclude -c src/signals/init_sigact.c -o obj/signals/init_sigact.o
gcc -Wall -Werror -Wextra -g -Iinclude -c src/signals/handle_signals.c -o obj/signals/handle_signals.o
gcc -Wall -Werror -Wextra -g -Iinclude -c src/commands/parse_input/contain_and.c -o obj/commands/parse_input/contain_and.o
gcc -Wall -Werror -Wextra -g -Iinclude -c src/commands/parse_input/contain_or.c -o obj/commands/parse_input/contain_or.o
gcc -Wall -Werror -Wextra -g -Iinclude -c src/commands/parse_input/contain_pipe.c -o obj/commands/parse_input/contain_pipe.o
gcc -Wall -Werror -Wextra -g -Iinclude -c src/commands/parse_input/is_between_brackets.c -o obj/commands/parse_input/is_between_brackets.o
gcc -Wall -Werror -Wextra -g -Iinclude -c src/commands/parse_input/parse_input_and.c -o obj/commands/parse_input/parse_input_and.o
gcc -Wall -Werror -Wextra -g -Iinclude -c src/commands/parse_input/parse_input_brackets.c -o obj/commands/parse_input/parse_input_brackets.o
gcc -Wall -Werror -Wextra -g -Iinclude -c src/commands/parse_input/parse_input_or.c -o obj/commands/parse_input/parse_input_or.o
gcc -Wall -Werror -Wextra -g -Iinclude -c src/commands/parse_input/parse_input_pipe.c -o obj/commands/parse_input/parse_input_pipe.o
gcc -Wall -Werror -Wextra -g -Iinclude -c src/commands/parse_input/parse_input_simple.c -o obj/commands/parse_input/parse_input_simple.o
gcc -Wall -Werror -Wextra -g -Iinclude -c src/commands/parse_input/parse_input.c -o obj/commands/parse_input/parse_input.o
make: Leaving directory '/mnt/nfs/homes/lgiband/cursus/circle_3/minishell'
 
make: *** No rule to make target 'obj/commands/get_commands/get_argument.o', needed by 'minishell'.
make: *** No rule to make target 'obj/commands/get_commands/get_bzero_command.o', needed by 'minishell'.
make: *** No rule to make target 'obj/commands/get_commands/get_command.o', needed by 'minishell'.
make: *** No rule to make target 'obj/commands/get_commands/set_arguments.o', needed by 'minishell'.
make: *** No rule to make target 'obj/commands/get_commands/set_redirections.o', needed by 'minishell'.
make: *** No rule to make target 'obj/commands/get_commands/utils/count_arguments.o', needed by 'minishell'.
make: *** No rule to make target 'obj/commands/get_commands/utils/count_redirections.o', needed by 'minishell'.
make: *** No rule to make target 'obj/commands/get_commands/utils/get_argument_after.o', needed by 'minishell'.
make: *** No rule to make target 'obj/commands/get_commands/utils/is_argument_equal.o', needed by 'minishell'.
make: *** No rule to make target 'obj/commands/get_commands/utils/is_argument_in_input.o', needed by 'minishell'.
make: *** No rule to make target 'obj/commands/get_commands/utils/is_argument_redirection.o', needed by 'minishell'.
make: *** No rule to make target 'obj/commands/get_commands/utils/skip_argument.o', needed by 'minishell'.
make: *** No rule to make target 'obj/commands/get_commands/utils/skip_redirections.o', needed by 'minishell'.
make: *** No rule to make target 'obj/commands/get_commands/utils/skip_to_next_argument.o', needed by 'minishell'.
make: *** No rule to make target 'obj/commands/get_commands/utils/skip_whitespaces.o', needed by 'minishell'.

